e:\adverter\adverter\x64\debug\adverter.pch
e:\adverter\adverter\x64\debug\vc140.pdb
e:\adverter\adverter\x64\debug\vc140.idb
e:\adverter\adverter\x64\debug\pch.obj
e:\adverter\adverter\x64\debug\advert.obj
e:\adverter\adverter\x64\debug\adverter.obj
e:\adverter\adverter\x64\debug\advertiser.obj
e:\adverter\adverter\x64\debug\advertisermenu.obj
e:\adverter\adverter\x64\debug\database.obj
e:\adverter\adverter\x64\debug\databasemodel.obj
e:\adverter\adverter\x64\debug\mainmenu.obj
e:\adverter\adverter\x64\debug\menu.obj
e:\adverter\adverter\x64\debug\pricelist.obj
e:\adverter\adverter\x64\debug\importer.obj
e:\adverter\adverter\x64\debug\pricelistmenu.obj
e:\adverter\adverter\x64\debug\serializer.obj
e:\adverter\adverter\x64\debug\util.obj
e:\adverter\x64\debug\adverter.ilk
e:\adverter\x64\debug\adverter.exe
e:\adverter\x64\debug\adverter.pdb
e:\adverter\adverter\x64\debug\adverter.tlog\cl.command.1.tlog
e:\adverter\adverter\x64\debug\adverter.tlog\cl.read.1.tlog
e:\adverter\adverter\x64\debug\adverter.tlog\cl.write.1.tlog
e:\adverter\adverter\x64\debug\adverter.tlog\link.command.1.tlog
e:\adverter\adverter\x64\debug\adverter.tlog\link.read.1.tlog
e:\adverter\adverter\x64\debug\adverter.tlog\link.write.1.tlog
